<?xml version="1.0" encoding="UTF-8"?>
<testng-results skipped="0" failed="0" ignored="0" total="1" passed="1">
  <reporter-output>
  </reporter-output>
  <suite name="Facebook Automation Script " duration-ms="11123" started-at="2018-04-28T23:51:33Z" finished-at="2018-04-28T23:51:44Z">
    <groups>
    </groups>
    <test name="Facebook" duration-ms="11123" started-at="2018-04-28T23:51:33Z" finished-at="2018-04-28T23:51:44Z">
      <class name="testf.securitylogoutFacebookTest">
        <test-method status="PASS" signature="beforemethod(java.lang.String)[pri:0, instance:testf.securitylogoutFacebookTest@7c29daf3]" name="beforemethod" is-config="true" duration-ms="7130" started-at="2018-04-28T23:51:33Z" finished-at="2018-04-28T23:51:40Z">
          <params>
            <param index="0">
              <value>
                <![CDATA[http://www.facebook.com]]>
              </value>
            </param>
          </params>
          <reporter-output>
          </reporter-output>
        </test-method> <!-- beforemethod -->
        <test-method status="PASS" signature="slotest()[pri:0, instance:testf.securitylogoutFacebookTest@7c29daf3]" name="slotest" duration-ms="3977" started-at="2018-04-28T23:51:40Z" finished-at="2018-04-28T23:51:44Z">
          <reporter-output>
          </reporter-output>
        </test-method> <!-- slotest -->
      </class> <!-- testf.securitylogoutFacebookTest -->
    </test> <!-- Facebook -->
  </suite> <!-- Facebook Automation Script  -->
</testng-results>
