<?xml version="1.0" encoding="UTF-8"?>
<testng-results skipped="0" failed="0" ignored="0" total="1" passed="1">
  <reporter-output>
    <line>
      <![CDATA[Extent Report Directory/Users/nacer-zimu/IdeaProjects/AutomationFrameworkTeam4/HB0/test-output/html]]>
    </line>
  </reporter-output>
  <suite name="JBO Automation Script " duration-ms="8343" started-at="2018-05-03T08:12:31Z" finished-at="2018-05-03T08:12:39Z">
    <groups>
    </groups>
    <test name="HBO Search" duration-ms="8343" started-at="2018-05-03T08:12:31Z" finished-at="2018-05-03T08:12:39Z">
      <class name="testnavigate.TestNavigate">
        <test-method status="PASS" signature="extentSetup(org.testng.ITestContext)[pri:0, instance:testnavigate.TestNavigate@578486a3]" name="extentSetup" is-config="true" duration-ms="584" started-at="2018-05-03T08:12:30Z" finished-at="2018-05-03T08:12:31Z">
          <params>
            <param index="0">
              <value>
                <![CDATA[org.testng.TestRunner@4f9a2c08]]>
              </value>
            </param>
          </params>
          <reporter-output>
            <line>
              <![CDATA[Extent Report Directory/Users/nacer-zimu/IdeaProjects/AutomationFrameworkTeam4/HB0/test-output/html]]>
            </line>
          </reporter-output>
        </test-method> <!-- extentSetup -->
        <test-method status="PASS" signature="setUp(boolean, java.lang.String, java.lang.String, java.lang.String, java.lang.String, java.lang.String, java.lang.String)[pri:0, instance:testnavigate.TestNavigate@578486a3]" name="setUp" is-config="true" duration-ms="4549" started-at="2018-05-03T08:12:31Z" finished-at="2018-05-03T08:12:36Z">
          <params>
            <param index="0">
              <value>
                <![CDATA[false]]>
              </value>
            </param>
            <param index="1">
              <value>
                <![CDATA[browserstack]]>
              </value>
            </param>
            <param index="2">
              <value>
                <![CDATA[OS X]]>
              </value>
            </param>
            <param index="3">
              <value>
                <![CDATA[Sierra]]>
              </value>
            </param>
            <param index="4">
              <value>
                <![CDATA[chrome]]>
              </value>
            </param>
            <param index="5">
              <value>
                <![CDATA[53.0]]>
              </value>
            </param>
            <param index="6">
              <value>
                <![CDATA[https://www.hbo.com]]>
              </value>
            </param>
          </params>
          <reporter-output>
          </reporter-output>
        </test-method> <!-- setUp -->
        <test-method status="PASS" signature="startExtent(java.lang.reflect.Method)[pri:0, instance:testnavigate.TestNavigate@578486a3]" name="startExtent" is-config="true" duration-ms="14" started-at="2018-05-03T08:12:36Z" finished-at="2018-05-03T08:12:36Z">
          <params>
            <param index="0">
              <value>
                <![CDATA[public void testnavigate.TestNavigate.testNavigate()]]>
              </value>
            </param>
          </params>
          <reporter-output>
          </reporter-output>
        </test-method> <!-- startExtent -->
        <test-method status="PASS" signature="testNavigate()[pri:0, instance:testnavigate.TestNavigate@578486a3]" name="testNavigate" duration-ms="3385" started-at="2018-05-03T08:12:36Z" finished-at="2018-05-03T08:12:39Z">
          <reporter-output>
          </reporter-output>
        </test-method> <!-- testNavigate -->
        <test-method status="PASS" signature="afterEachTestMethod(org.testng.ITestResult)[pri:0, instance:testnavigate.TestNavigate@578486a3]" name="afterEachTestMethod" is-config="true" duration-ms="378" started-at="2018-05-03T08:12:39Z" finished-at="2018-05-03T08:12:39Z">
          <params>
            <param index="0">
              <value>
                <![CDATA[[TestResult name=testNavigate status=SUCCESS method=TestNavigate.testNavigate()[pri:0, instance:testnavigate.TestNavigate@578486a3] output={null}]]]>
              </value>
            </param>
          </params>
          <reporter-output>
          </reporter-output>
        </test-method> <!-- afterEachTestMethod -->
        <test-method status="PASS" signature="afterMethod()[pri:0, instance:testnavigate.TestNavigate@578486a3]" name="afterMethod" is-config="true" duration-ms="0" started-at="2018-05-03T08:12:39Z" finished-at="2018-05-03T08:12:39Z">
          <reporter-output>
          </reporter-output>
        </test-method> <!-- afterMethod -->
        <test-method status="PASS" signature="generateReport()[pri:0, instance:testnavigate.TestNavigate@578486a3]" name="generateReport" is-config="true" duration-ms="91" started-at="2018-05-03T08:12:39Z" finished-at="2018-05-03T08:12:39Z">
          <reporter-output>
          </reporter-output>
        </test-method> <!-- generateReport -->
      </class> <!-- testnavigate.TestNavigate -->
    </test> <!-- HBO Search -->
  </suite> <!-- JBO Automation Script  -->
</testng-results>
