<?xml version="1.0" encoding="UTF-8"?>
<testng-results skipped="0" failed="0" ignored="0" total="1" passed="1">
  <reporter-output>
    <line>
      <![CDATA[Extent Report Directory/Users/nacer-zimu/IdeaProjects/AutomationFrameworkTeam4/HB0/test-output/html]]>
    </line>
  </reporter-output>
  <suite name="JBO Automation Script " duration-ms="9257" started-at="2018-04-30T03:13:25Z" finished-at="2018-04-30T03:13:34Z">
    <groups>
    </groups>
    <test name="HBO Search" duration-ms="9257" started-at="2018-04-30T03:13:25Z" finished-at="2018-04-30T03:13:34Z">
      <class name="testnavigate.TestNavigate">
        <test-method status="PASS" signature="extentSetup(org.testng.ITestContext)[pri:0, instance:testnavigate.TestNavigate@2758fe70]" name="extentSetup" is-config="true" duration-ms="336" started-at="2018-04-30T03:13:24Z" finished-at="2018-04-30T03:13:25Z">
          <params>
            <param index="0">
              <value>
                <![CDATA[org.testng.TestRunner@6bca7e0d]]>
              </value>
            </param>
          </params>
          <reporter-output>
            <line>
              <![CDATA[Extent Report Directory/Users/nacer-zimu/IdeaProjects/AutomationFrameworkTeam4/HB0/test-output/html]]>
            </line>
          </reporter-output>
        </test-method> <!-- extentSetup -->
        <test-method status="PASS" signature="setUp(java.lang.String)[pri:0, instance:testnavigate.TestNavigate@2758fe70]" name="setUp" is-config="true" duration-ms="8220" started-at="2018-04-30T03:13:25Z" finished-at="2018-04-30T03:13:33Z">
          <params>
            <param index="0">
              <value>
                <![CDATA[https://www.hbo.com]]>
              </value>
            </param>
          </params>
          <reporter-output>
          </reporter-output>
        </test-method> <!-- setUp -->
        <test-method status="PASS" signature="startExtent(java.lang.reflect.Method)[pri:0, instance:testnavigate.TestNavigate@2758fe70]" name="startExtent" is-config="true" duration-ms="8" started-at="2018-04-30T03:13:33Z" finished-at="2018-04-30T03:13:33Z">
          <params>
            <param index="0">
              <value>
                <![CDATA[public void testnavigate.TestNavigate.testNavigate()]]>
              </value>
            </param>
          </params>
          <reporter-output>
          </reporter-output>
        </test-method> <!-- startExtent -->
        <test-method status="PASS" signature="testNavigate()[pri:0, instance:testnavigate.TestNavigate@2758fe70]" name="testNavigate" duration-ms="487" started-at="2018-04-30T03:13:33Z" finished-at="2018-04-30T03:13:33Z">
          <reporter-output>
          </reporter-output>
        </test-method> <!-- testNavigate -->
        <test-method status="PASS" signature="afterEachTestMethod(org.testng.ITestResult)[pri:0, instance:testnavigate.TestNavigate@2758fe70]" name="afterEachTestMethod" is-config="true" duration-ms="524" started-at="2018-04-30T03:13:33Z" finished-at="2018-04-30T03:13:34Z">
          <params>
            <param index="0">
              <value>
                <![CDATA[[TestResult name=testNavigate status=SUCCESS method=TestNavigate.testNavigate()[pri:0, instance:testnavigate.TestNavigate@2758fe70] output={null}]]]>
              </value>
            </param>
          </params>
          <reporter-output>
          </reporter-output>
        </test-method> <!-- afterEachTestMethod -->
        <test-method status="PASS" signature="afterMethod()[pri:0, instance:testnavigate.TestNavigate@2758fe70]" name="afterMethod" is-config="true" duration-ms="0" started-at="2018-04-30T03:13:34Z" finished-at="2018-04-30T03:13:34Z">
          <reporter-output>
          </reporter-output>
        </test-method> <!-- afterMethod -->
        <test-method status="PASS" signature="generateReport()[pri:0, instance:testnavigate.TestNavigate@2758fe70]" name="generateReport" is-config="true" duration-ms="53" started-at="2018-04-30T03:13:34Z" finished-at="2018-04-30T03:13:34Z">
          <reporter-output>
          </reporter-output>
        </test-method> <!-- generateReport -->
      </class> <!-- testnavigate.TestNavigate -->
    </test> <!-- HBO Search -->
  </suite> <!-- JBO Automation Script  -->
</testng-results>
