<?xml version="1.0" encoding="UTF-8"?>
<!-- Generated by org.testng.reporters.JUnitXMLReporter -->
<testsuite hostname="Nacers-MacBook-Pro.local" ignored="0" name="HBO Search" tests="10" failures="0" timestamp="29 Apr 2018 07:45:26 GMT" time="47.284" errors="0">
  <testcase name="manyElemets" time="3.457" classname="testsearch.TestSearch"/>
  <testcase name="oneElement" time="1.245" classname="testsearch.TestSearch"/>
  <testcase name="testBoxing" time="1.32" classname="testclickonelement.TestClickOnElement"/>
  <testcase name="testKis" time="1.465" classname="testclickonelement.TestClickOnElement"/>
  <testcase name="testMovies" time="1.502" classname="testclickonelement.TestClickOnElement"/>
  <testcase name="testSeries" time="0.036" classname="testclickonelement.TestClickOnElement"/>
  <testcase name="testSpecials" time="1.288" classname="testclickonelement.TestClickOnElement"/>
  <testcase name="testFacebook" time="3.15" classname="testfollowhbo.TestFollowHBO"/>
  <testcase name="testTwitter" time="1.319" classname="testfollowhbo.TestFollowHBO"/>
  <testcase name="testNavigate" time="0.326" classname="testnavigate.TestNavigate"/>
</testsuite> <!-- HBO Search -->
