<?xml version="1.0" encoding="UTF-8"?>
<testng-results skipped="0" failed="0" ignored="0" total="1" passed="1">
  <reporter-output>
  </reporter-output>
  <suite name="Instagram Automation Script " duration-ms="10690" started-at="2018-04-30T01:30:13Z" finished-at="2018-04-30T01:30:23Z">
    <groups>
    </groups>
    <test name="Instagram" duration-ms="10690" started-at="2018-04-30T01:30:13Z" finished-at="2018-04-30T01:30:23Z">
      <class name="testhome.TestHome">
        <test-method status="PASS" signature="setUp(java.lang.String)[pri:0, instance:testhome.TestHome@6325a3ee]" name="setUp" is-config="true" duration-ms="6046" started-at="2018-04-30T01:30:13Z" finished-at="2018-04-30T01:30:19Z">
          <params>
            <param index="0">
              <value>
                <![CDATA[http://www.instagram.com]]>
              </value>
            </param>
          </params>
          <reporter-output>
          </reporter-output>
        </test-method> <!-- setUp -->
        <test-method status="PASS" signature="test()[pri:0, instance:testhome.TestHome@6325a3ee]" name="test" duration-ms="4611" started-at="2018-04-30T01:30:19Z" finished-at="2018-04-30T01:30:23Z">
          <reporter-output>
          </reporter-output>
        </test-method> <!-- test -->
      </class> <!-- testhome.TestHome -->
    </test> <!-- Instagram -->
  </suite> <!-- Instagram Automation Script  -->
</testng-results>
